<?xml version="1.0" encoding="UTF-8"?>
<!-- Generated by org.testng.reporters.JUnitXMLReporter -->
<testsuite ignored="4" hostname="DESKTOP-1UIQG5E" failures="0" tests="2" name="Default test" time="13.818" errors="0" timestamp="31 Jul 2023 14:02:08 GMT">
  <testcase classname="OPENEMR.Clinical.TestPage.TestPage" name="loginPageTest" time="4.921"/>
  <testcase classname="OPENEMR.Clinical.TestPage.TestPage" name="newPatient" time="3.386"/>
  <testcase classname="OPENEMR.Clinical.TestPage.TestPage" name="modules" time="0.0">
    <ignored/>
  </testcase> <!-- modules -->
  <testcase classname="OPENEMR.Clinical.TestPage.TestPage" name="messages" time="0.0">
    <ignored/>
  </testcase> <!-- messages -->
  <testcase classname="OPENEMR.Clinical.TestPage.TestPage" name="contact" time="0.0">
    <ignored/>
  </testcase> <!-- contact -->
  <testcase classname="OPENEMR.Clinical.TestPage.TestPage" name="headerList" time="0.0">
    <ignored/>
  </testcase> <!-- headerList -->
</testsuite> <!-- Default test -->
